c:\users\agaltsev\yandexdisk\компьютер sosimba\programming\с++20\с++20\x64\debug\iostream_yg4dhmneccpsq9mo.ifc
c:\users\agaltsev\yandexdisk\компьютер sosimba\programming\с++20\с++20\x64\debug\iostream_yg4dhmneccpsq9mo.ifc.d.json
c:\users\agaltsev\yandexdisk\компьютер sosimba\programming\с++20\с++20\x64\debug\iostream_yg4dhmneccpsq9mo.obj
c:\users\agaltsev\yandexdisk\компьютер sosimba\programming\с++20\с++20\x64\debug\helloworld.cppm.ifc
c:\users\agaltsev\yandexdisk\компьютер sosimba\programming\с++20\с++20\x64\debug\helloworld.cppm.ifc.d.json
c:\users\agaltsev\yandexdisk\компьютер sosimba\programming\с++20\с++20\x64\debug\helloworld.cppm.obj
c:\users\agaltsev\yandexdisk\компьютер sosimba\programming\с++20\с++20\x64\debug\vc143.pdb
c:\users\agaltsev\yandexdisk\компьютер sosimba\programming\с++20\с++20\x64\debug\vc143.idb
c:\users\agaltsev\yandexdisk\компьютер sosimba\programming\с++20\с++20\x64\debug\с++20.obj
c:\users\agaltsev\yandexdisk\компьютер sosimba\programming\с++20\x64\debug\с++20.exe
c:\users\agaltsev\yandexdisk\компьютер sosimba\programming\с++20\с++20\x64\debug\с++20.ilk
c:\users\agaltsev\yandexdisk\компьютер sosimba\programming\с++20\x64\debug\с++20.pdb
c:\users\agaltsev\yandexdisk\компьютер sosimba\programming\с++20\с++20\x64\debug\helloworld.cppm.module.json
c:\users\agaltsev\yandexdisk\компьютер sosimba\programming\с++20\с++20\x64\debug\iostream_yg4dhmneccpsq9mo.module.json
c:\users\agaltsev\yandexdisk\компьютер sosimba\programming\с++20\с++20\x64\debug\с++20.tlog\cl.command.1.tlog
c:\users\agaltsev\yandexdisk\компьютер sosimba\programming\с++20\с++20\x64\debug\с++20.tlog\cl.items.tlog
c:\users\agaltsev\yandexdisk\компьютер sosimba\programming\с++20\с++20\x64\debug\с++20.tlog\cl.read.1.tlog
c:\users\agaltsev\yandexdisk\компьютер sosimba\programming\с++20\с++20\x64\debug\с++20.tlog\cl.write.1.tlog
c:\users\agaltsev\yandexdisk\компьютер sosimba\programming\с++20\с++20\x64\debug\с++20.tlog\link.command.1.tlog
c:\users\agaltsev\yandexdisk\компьютер sosimba\programming\с++20\с++20\x64\debug\с++20.tlog\link.read.1.tlog
c:\users\agaltsev\yandexdisk\компьютер sosimba\programming\с++20\с++20\x64\debug\с++20.tlog\link.write.1.tlog
c:\users\agaltsev\yandexdisk\компьютер sosimba\programming\с++20\с++20\x64\debug\с++20_md.tlog\cl.command.1.tlog
c:\users\agaltsev\yandexdisk\компьютер sosimba\programming\с++20\с++20\x64\debug\с++20_md.tlog\microsoft.build.cpptasks.cl.read.1.tlog
c:\users\agaltsev\yandexdisk\компьютер sosimba\programming\с++20\с++20\x64\debug\с++20_md.tlog\microsoft.build.cpptasks.cl.write.1.tlog
